<?xml version="1.0" encoding="UTF-8"?>
<!-- Generated by org.testng.reporters.JUnitReportReporter -->
<testsuite hostname="Tripti-HP" name="iqvia.APITest.TC1APITest" tests="2" failures="0" timestamp="19 Dec 2019 19:50:10 GMT" time="2.279" errors="0">
  <testcase name="checkCapital" time="1.262" classname="iqvia.APITest.TC1APITest"/>
  <testcase name="checkCapitalFalse" time="1.017" classname="iqvia.APITest.TC1APITest"/>
</testsuite> <!-- iqvia.APITest.TC1APITest -->
