<?xml version="1.0" encoding="UTF-8"?>
<!-- Generated by org.testng.reporters.JUnitReportReporter -->
<testsuite hostname="Tripti-HP" name="iqvia.APITest.TC1APITest" tests="2" failures="0" timestamp="19 Dec 2019 19:58:02 GMT" time="2.245" errors="0">
  <testcase name="checkCapital" time="1.181" classname="iqvia.APITest.TC1APITest"/>
  <testcase name="checkCapitalFalse" time="1.064" classname="iqvia.APITest.TC1APITest"/>
</testsuite> <!-- iqvia.APITest.TC1APITest -->
